1 4
Texas Fight, Texas Fight,
2 6
Texas Fight, Texas Fight,
And it's goodbye to A&M.
3 10
Texas Fight, Texas Fight,
And it's goodbye to A&M.
Texas Fight, Texas Fight,
4 11
Texas Fight, Texas Fight,
And it's goodbye to A&M.
Texas Fight, Texas Fight,
And we'll put over one more win.
5 15
Texas Fight, Texas Fight,
And it's goodbye to A&M.
Texas Fight, Texas Fight,
And we'll put over one more win.
Texas Fight, Texas Fight,
6 20
Texas Fight, Texas Fight,
And it's goodbye to A&M.
Texas Fight, Texas Fight,
And we'll put over one more win.
Texas Fight, Texas Fight,
For it's Texas that we love best.
7 21
Texas Fight, Texas Fight,
And it's goodbye to A&M.
Texas Fight, Texas Fight,
And we'll put over one more win.
Texas Fight, Texas Fight,
For it's Texas that we love best.
Hail, Hail, The gang's all here,
8 25
Texas Fight, Texas Fight,
And it's goodbye to A&M.
Texas Fight, Texas Fight,
And we'll put over one more win.
Texas Fight, Texas Fight,
For it's Texas that we love best.
Hail, Hail, The gang's all here,
And it's good-bye to all the rest!
