f'(x)=518x^6-402x^66-2001x^86+364x^90
f'(x)=1848x^83+4845x^94+210x^2+480x^47+4524x^51
f'(x)=989x^42+1148x^40+3075x^40+5950x^84-2744x^55
f'(x)=2739x^32+3440x^39-1060x^52-3010x^69+270x^44-32x
f'(x)=272x^67+2574x^25+4980x^82-244x^60-3024x^35-970x^96+48x^11-1925x^54-4224x^95
f'(x)=9603x^98+2695x^76+4662x^62-0x^53-1590x^29-3276x^35-44x^21+1995x^20+1548x^85
f'(x)=1440x^71+896x^31+2233x^28+1474x^66+294x^41+265x^4+2664x^35+6000x^79
f'(x)=4272x^47+3360x^59+2394x^37-7081x^72-7410x^94
f'(x)=1680x^41-3388x^76-2945x^30
f'(x)=5580x^61-720x^8+286x^10-4464x^71-1225x^34+3740x^54+5141x^96-342x^56-975x^24-3250x^64
f'(x)=3293x^36
f'(x)=2829x^40
f'(x)=4257x^42-2158x^82-280x^13+300x^5+1508x^28-2750x^54+340x^4+520x^7
f'(x)=2166x^56
f'(x)=2356x^30+166x^82+1848x^41+924x^27-450x^9-78x
f'(x)=3936x^81+1320x^19-2294x^61+332x^82+748x^10+41x-1122x^50
f'(x)=864x^35+0x^74-1458x^53-2948x^43-1804x^43+2310x^32
f'(x)=3483x^42
f'(x)=0x^44+1078x^48+3888x^47-420x^5+1040x^51-2491x^52+1344x^63+6237x^76
f'(x)=6622x^85-3392x^52+1148x^81+8x^7-1768x^25+6174x^62-4366x^58-6391x^82+5664x^58-532x^13
f'(x)=150x^74+128x^7+2812x^37
f'(x)=2160x^26+9603x^96-737x^10-4558x^85+644x^13
f'(x)=918x^17-4554x^45+3650x^72+1521x^38-372x^5-1591x^42+5896x^87+1232x^76+240x^9
f'(x)=1184x^36-615x^40
f'(x)=209x^18-7476x^88+377x^12+1536x^23+1722x^41+4347x^62+216x^26-1680x^59
f'(x)=1230x^81-8930x^94+5120x^63+200x^19-5192x^58+4030x^61+1280x^63+1443x^36
f'(x)=7110x^89-240x^59-703x^36-328x^81+52x^12+3843x^62+3468x^50-4380x^72
f'(x)=3204x^35-864x^11-3105x^44-1247x^28+1320x^54-2856x^41-525x^34+6864x^77+1120x^34+8722x^97
f'(x)=2450x^97+2300x^49+672x^13-4018x^97-28x^13-3162x^33-1320x^29+646x^33
f'(x)=506x^45-3750x^74-1173x^50+2475x^24+2821x^90+1628x^43+1440x^44-144x^5-4992x^77+4656x^96
f'(x)=2550x^50-4590x^89-3686x^96-73x^72
f'(x)=896x^27-7176x^91+4266x^53-551x^28+4352x^67-89x-564x^46-3854x^93-14
f'(x)=1350x^74+2044x^27-24x^3
f'(x)=455x^4-540x^29-704x^10+232x^57
f'(x)=6972x^83+8010x^89-97x
f'(x)=3612x^83-720x^15+2898x^41
f'(x)=882x^48-2279x^52+1911x^48-252x^27-3182x^85-255x^84
f'(x)=2210x^84-114x^56+2150x^24-490x^6-4089x^86-3250x^49-1105x^64+4424x^55
f'(x)=5112x^70-5332x^85+0x^25-1917x^26
f'(x)=704x^10+945x^34+322x^6-4316x^82+4524x^86-2425x^24-1260x^62+870x^86+2925x^74+420x^5
f'(x)=2006x^58-1005x^14
f'(x)=168x^5-80x^3-42x^13+3024x^62
f'(x)=1950x^74-378x^6+1276x^57+1914x^86
f'(x)=3196x^33
f'(x)=1680x^23+902x^10-1768x^25+768x^31+585x^64
f'(x)=3135x^94+1584x^32+2x-366x^5+54x^2+960x^95-935x^16+279x^92-2744x^48
f'(x)=600x^23+2001x^86+704x^15+5040x^71-594x^53
f'(x)=8x-8428x^85+138x-3510x^38+1512x^17+1045x^94+2576x^27
f'(x)=73x^72+1659x^20+980x^27+8010x^89+528x^11-2970x^32+6314x^81
f'(x)=1782x^98-1241x^16+2800x^49+3906x^62