....<
.(.O.
._|..
.).O.
....>
DONE
**********************
**********************
**********************
**********************
**********************
**********************
**********************
*****)),_|****)),_/***
******||.|****//./****
******;..\****|..\****
**/--_\...____....\***
=/..t..;=..........\**
*\.,.,./\......../\.\*
**A_-_A**\....../**(.(
**********__--__**).)*
*******************\.(
********************_*
**********************
**********************
**********************
**********************
**********************
DONE
