127, 63, 31, 15, 7, 3, 1
64, 128, 256, 512, 1024, 2048, 4096

177, 88, 44, 22, 11, 5, 2, 1
118, 236, 472, 944, 1888, 3776, 7552, 15104

41, 20, 10, 5, 2, 1
170, 340, 680, 1360, 2720, 5440

19, 9, 4, 2, 1
41, 82, 164, 328, 656

188, 94, 47, 23, 11, 5, 2, 1
188, 376, 752, 1504, 3008, 6016, 12032, 24064

35, 17, 8, 4, 2, 1
170, 340, 680, 1360, 2720, 5440

118, 59, 29, 14, 7, 3, 1
53, 106, 212, 424, 848, 1696, 3392

57, 28, 14, 7, 3, 1
79, 158, 316, 632, 1264, 2528

113, 56, 28, 14, 7, 3, 1
138, 276, 552, 1104, 2208, 4416, 8832

173, 86, 43, 21, 10, 5, 2, 1
11, 22, 44, 88, 176, 352, 704, 1408

167, 83, 41, 20, 10, 5, 2, 1
149, 298, 596, 1192, 2384, 4768, 9536, 19072

26, 13, 6, 3, 1
69, 138, 276, 552, 1104

71, 35, 17, 8, 4, 2, 1
105, 210, 420, 840, 1680, 3360, 6720

80, 40, 20, 10, 5, 2, 1
12, 24, 48, 96, 192, 384, 768

195, 97, 48, 24, 12, 6, 3, 1
16, 32, 64, 128, 256, 512, 1024, 2048

120, 60, 30, 15, 7, 3, 1
187, 374, 748, 1496, 2992, 5984, 11968

98, 49, 24, 12, 6, 3, 1
97, 194, 388, 776, 1552, 3104, 6208

57, 28, 14, 7, 3, 1
71, 142, 284, 568, 1136, 2272

25, 12, 6, 3, 1
105, 210, 420, 840, 1680

60, 30, 15, 7, 3, 1
59, 118, 236, 472, 944, 1888
