    1     
  1 3 1   
1 3 9 3 1 
  1 3 1   
    1     
         1           
      1  4  1        
   1  4  16 4  1     
1  4  16 64 16 4  1  
   1  4  16 4  1     
      1  4  1        
         1         
                         1                             
                    1    6    1                        
               1    6    36   6    1                   
          1    6    36   216  36   6    1              
     1    6    36   216  1296 216  36   6    1         
1    6    36   216  1296 7776 1296 216  36   6    1    
     1    6    36   216  1296 216  36   6    1         
          1    6    36   216  36   6    1              
               1    6    36   6    1                   
                    1    6    1                        
                         1  
