ODIFMZREGQOGKAQUAJO decrypted by SWIMMING : WHATAREYOUGUYSDOING

ZPSXSKEZZCYBKWQHIEO decrypted by DISESTABLISHMENTARIANISM : WHATAREYOUGUYSDOING

XNOWIREYYMYNEXJ decrypted by EGG : THISCLASSISHARD

NJXLNJXIXKLEWU decrypted by FREE : ISTHISTESTHARD

PRRAOEWLPYVPGKJLTRFEHYSD decrypted by PANCAKES : AREYOUSTAYINGAFTERSCHOOL

LVKUGCSGUKWVSGA decrypted by SOCCER : THISCLASSISEASY

LJWJGDCGJMKGOJC decrypted by SCORE : THISCLASSISEASY

WIRTVIPEJJIT decrypted by ABRACADABRA : WHATTIMEISIT

XWTJPHXEUAWERF decrypted by PEACH : ISTHISTESTHARD

ABMQXAVIC decrypted by SWIMMING : IFEELSICK

POILGGEJOPSAEMH decrypted by WHATEVER : THISCLASSISHARD

JFRHMSVFL decrypted by BAND : IFEELSICK

WYERSPWKWFIGKVJKAYSVLJSC decrypted by WHATEVER : AREYOUSTAYINGAFTERSCHOOL

ZPSXLBMFTAAA decrypted by DISESTABLISHMENTARIANISM : WHATTIMEISIT

OVCVEIWMQWKLQGFQMEY decrypted by SOCCER : WHATAREYOUGUYSDOING

MLALVPSLLMKXTWQ decrypted by TEST : THISCLASSISEASY

YYAGOTWRZCIVI decrypted by WHATEVER : CRANKYSADVICE

LACXHDTMXNKXUXD decrypted by STUFF : THISCLASSISEASY

POILGGEJOPSXENC decrypted by WHATEVER : THISCLASSISEASY

VYIAQQLHLIOUX decrypted by THINGS : CRANKYSADVICE

OJOKEJGMFYYWMJHGKBX decrypted by SCORE : WHATAREYOUGUYSDOING
