MAXIMUM SCORE: 10
THERE ARE 2 OPTIMAL BOARDS.

MAXIMUM SCORE: 40
THERE IS 1 OPTIMAL BOARD.
0 0 1
2 0 1
2 0 0

MAXIMUM SCORE: 70
THERE ARE 8 OPTIMAL BOARDS.

MAXIMUM SCORE: 0
THERE ARE 5 OPTIMAL BOARDS.

MAXIMUM SCORE: 790
THERE IS 1 OPTIMAL BOARD.
0 0 0 1 1 1
0 0 0 1 1 1
0 0 0 1 1 1
2 2 2 0 0 0
2 2 2 0 0 0
2 2 2 0 0 0

MAXIMUM SCORE: 70
THERE ARE 4 OPTIMAL BOARDS.

MAXIMUM SCORE: 20
THERE ARE 2 OPTIMAL BOARDS.

MAXIMUM SCORE: 5930
THERE IS 1 OPTIMAL BOARD.
1 1 1 1 1 1 1 1 1 1
1 1 1 1 1 1 1 1 1 1
1 1 1 1 1 1 1 1 1 1
1 1 1 1 1 1 1 1 1 1
1 1 1 1 1 1 1 1 1 1
2 2 2 2 2 2 0 2 2 2
2 2 2 2 2 2 2 2 2 2
2 2 2 2 2 2 2 2 2 2
2 2 2 2 2 2 2 2 2 2
2 2 2 2 2 2 2 2 2 2

MAXIMUM SCORE: 90
THERE ARE 4 OPTIMAL BOARDS.
