BAMBO
BOOBO
MO*AB
AOBMA
BOOBM

BLOODWO
WOODBLO
DODWOOD
OOO*OOB
OLLBDDL
LBDOOWO
BDOOWDO

CEDARCEDA
EDARCEDAR
CCEDARCRC
RREDARECE
AACR*CDED
DDRADEADA
EEADECRAR
CCRADECRC
RADECRADE

PIN
E*E
NIP

HICKORYHICKORYHICKO
ICKORYHICKORYHICKOR
HCKORYHICKORYHICKRY
YICKORYHICKORYHIOYH
RHIICKORYHICKORCRHI
OYHHYHICKORYHIYKYIC
KRYYRKORYHICKCHOHCK
CORROCYHICKOOKIRIKO
IKOOKIRICKORROCYCOR
HCKKCHOHC*RYYRKHKRY
YICCIYKYIHYHHYOIOYH
RHIIHRCROKCIIHRCRHI
OYHHYOIHYROKCIYKYIC
KRYYRKCIHYROKCHOHCK
CORROKCIHYROKCIRIKO
IKOOKCIHYROKCIHYCOR
HCKCIHYROKCIHYROKRY
YIHYROKCIHYROKCIHYH
ROKCIHYROKCIHYROKCI

MAPLEMAPLEM
EMAPLEMAPLA
LAPLEMAPLEP
PMMAPLEMEML
AEEAPLEAMAE
MLLME*MPAPM
EPPELPALPLA
LAALPAMELEP
PMMELPAMEML
AELPAMELPAE
MELPAMELPAM

MAHOGAN
YMAHOGY
NYMAHAM
ANY*ONA
GANAGYH
OGOHAMO
HAMYNAG

HAC
R*K
REB
