Sung Habel sh8372
Rachal Vandyke rv8286
Jewell Krouse jk7475
Sally Hess sh8472
Claretta Mattinson cm6777
Rob Fillmore rf8270
Ambrose Mcquillan am6577
Alice Maheux am6677
Dierdre Gauntt dg6871
Ji Duffey jd7468
Gerardo Whistler gw7187
Gerald Whitesides gw7287
Asley Mangio am6777
Max Pettigrew mp7780
Twana Garduno tg8471
Raeann Audia ra8265
Dallas Kahan dk6875
Eartha Heidler eh6972
Nicole Craig nc7867
Jesica Huckins jh7472
Caprice Elkins ce6769
Sarah Hickman sh8572
Ivonne Pilcher ip7380
Arnoldo Jacobson aj6574
Bernie Esposito be6669
Aida Carrell ac6567
Rosie Bingaman rb8266
Alton Mcglinchey am6877
